GowinSynthesis start
Running parser ...
Analyzing Verilog file 'C:\Users\l1506\work\TangNano-9K-example-main\TangNano-9K-example-main\picotiny_main\hw\soc.v'
Analyzing Verilog file 'C:\Users\l1506\work\TangNano-9K-example-main\TangNano-9K-example-main\picotiny_main\hw\cpu.v'
Analyzing Verilog file 'C:\Users\l1506\work\TangNano-9K-example-main\TangNano-9K-example-main\picotiny_main\hw\peripheral.v'
WARN  (EX3788) : Block identifier is required on this block("C:\Users\l1506\work\TangNano-9K-example-main\TangNano-9K-example-main\picotiny_main\hw\peripheral.v":124)
Analyzing Verilog file 'C:\Users\l1506\work\TangNano-9K-example-main\TangNano-9K-example-main\picotiny_main\hw\memory.v'
Analyzing Verilog file 'C:\Users\l1506\work\TangNano-9K-example-main\TangNano-9K-example-main\picotiny_main\hw\uart.v'
Analyzing Verilog file 'C:\Users\l1506\work\TangNano-9K-example-main\TangNano-9K-example-main\picotiny_main\hw\spi.v'
Analyzing Verilog file 'C:\Users\l1506\work\TangNano-9K-example-main\TangNano-9K-example-main\picotiny_main\gowin_ip\bootram_2kx8_0\bootram_2kx8_0.v'
Analyzing Verilog file 'C:\Users\l1506\work\TangNano-9K-example-main\TangNano-9K-example-main\picotiny_main\gowin_ip\bootram_2kx8_1\bootram_2kx8_1.v'
Analyzing Verilog file 'C:\Users\l1506\work\TangNano-9K-example-main\TangNano-9K-example-main\picotiny_main\gowin_ip\bootram_2kx8_2\bootram_2kx8_2.v'
Analyzing Verilog file 'C:\Users\l1506\work\TangNano-9K-example-main\TangNano-9K-example-main\picotiny_main\gowin_ip\bootram_2kx8_3\bootram_2kx8_3.v'
Analyzing Verilog file 'C:\Users\l1506\work\TangNano-9K-example-main\TangNano-9K-example-main\picotiny_main\gowin_ip\gowin_clkdiv\gowin_clkdiv.v'
Analyzing Verilog file 'C:\Users\l1506\work\TangNano-9K-example-main\TangNano-9K-example-main\picotiny_main\gowin_ip\gowin_rpll\gowin_rpll.v'
Analyzing Verilog file 'C:\Users\l1506\work\TangNano-9K-example-main\TangNano-9K-example-main\picotiny_main\gowin_ip\sram_2kx8\sram_2kx8.v'
WARN  (EX3073) : Port 'mem_la_read' remains unconnected for this instance("C:\Users\l1506\work\TangNano-9K-example-main\TangNano-9K-example-main\picotiny_main\hw\soc.v":116)
Compiling module 'soc'("C:\Users\l1506\work\TangNano-9K-example-main\TangNano-9K-example-main\picotiny_main\hw\soc.v":3)
Compiling module 'Gowin_rPLL'("C:\Users\l1506\work\TangNano-9K-example-main\TangNano-9K-example-main\picotiny_main\gowin_ip\gowin_rpll\gowin_rpll.v":9)
Compiling module 'Gowin_CLKDIV'("C:\Users\l1506\work\TangNano-9K-example-main\TangNano-9K-example-main\picotiny_main\gowin_ip\gowin_clkdiv\gowin_clkdiv.v":9)
Compiling module 'reset_sync'("C:\Users\l1506\work\TangNano-9K-example-main\TangNano-9K-example-main\picotiny_main\hw\peripheral.v":3)
Compiling module 'picorv32'("C:\Users\l1506\work\TangNano-9K-example-main\TangNano-9K-example-main\picotiny_main\hw\cpu.v":62)
Extracting RAM for identifier 'cpuregs'("C:\Users\l1506\work\TangNano-9K-example-main\TangNano-9K-example-main\picotiny_main\hw\cpu.v":203)
WARN  (EX3827) : Synthesis - simulation differences may occur when using full_case directive("C:\Users\l1506\work\TangNano-9K-example-main\TangNano-9K-example-main\picotiny_main\hw\cpu.v":403)
WARN  (EX3826) : Synthesis - simulation differences may occur when using parallel_case directive("C:\Users\l1506\work\TangNano-9K-example-main\TangNano-9K-example-main\picotiny_main\hw\cpu.v":1117)
WARN  (EX3791) : Expression size 33 truncated to fit in target size 32("C:\Users\l1506\work\TangNano-9K-example-main\TangNano-9K-example-main\picotiny_main\hw\cpu.v":1240)
WARN  (EX3791) : Expression size 32 truncated to fit in target size 1("C:\Users\l1506\work\TangNano-9K-example-main\TangNano-9K-example-main\picotiny_main\hw\cpu.v":1245)
WARN  (EX3827) : Synthesis - simulation differences may occur when using full_case directive("C:\Users\l1506\work\TangNano-9K-example-main\TangNano-9K-example-main\picotiny_main\hw\cpu.v":1247)
WARN  (EX3826) : Synthesis - simulation differences may occur when using parallel_case directive("C:\Users\l1506\work\TangNano-9K-example-main\TangNano-9K-example-main\picotiny_main\hw\cpu.v":1247)
WARN  (EX3827) : Synthesis - simulation differences may occur when using full_case directive("C:\Users\l1506\work\TangNano-9K-example-main\TangNano-9K-example-main\picotiny_main\hw\cpu.v":1264)
WARN  (EX3826) : Synthesis - simulation differences may occur when using parallel_case directive("C:\Users\l1506\work\TangNano-9K-example-main\TangNano-9K-example-main\picotiny_main\hw\cpu.v":1264)
WARN  (EX3826) : Synthesis - simulation differences may occur when using parallel_case directive("C:\Users\l1506\work\TangNano-9K-example-main\TangNano-9K-example-main\picotiny_main\hw\cpu.v":1310)
WARN  (EX3791) : Expression size 32 truncated to fit in target size 5("C:\Users\l1506\work\TangNano-9K-example-main\TangNano-9K-example-main\picotiny_main\hw\cpu.v":1344)
WARN  (EX3791) : Expression size 32 truncated to fit in target size 5("C:\Users\l1506\work\TangNano-9K-example-main\TangNano-9K-example-main\picotiny_main\hw\cpu.v":1399)
WARN  (EX3826) : Synthesis - simulation differences may occur when using parallel_case directive("C:\Users\l1506\work\TangNano-9K-example-main\TangNano-9K-example-main\picotiny_main\hw\cpu.v":1499)
WARN  (EX3827) : Synthesis - simulation differences may occur when using full_case directive("C:\Users\l1506\work\TangNano-9K-example-main\TangNano-9K-example-main\picotiny_main\hw\cpu.v":1629)
WARN  (EX3826) : Synthesis - simulation differences may occur when using parallel_case directive("C:\Users\l1506\work\TangNano-9K-example-main\TangNano-9K-example-main\picotiny_main\hw\cpu.v":1629)
WARN  (EX3826) : Synthesis - simulation differences may occur when using parallel_case directive("C:\Users\l1506\work\TangNano-9K-example-main\TangNano-9K-example-main\picotiny_main\hw\cpu.v":1585)
WARN  (EX3791) : Expression size 32 truncated to fit in target size 5("C:\Users\l1506\work\TangNano-9K-example-main\TangNano-9K-example-main\picotiny_main\hw\cpu.v":1732)
WARN  (EX3826) : Synthesis - simulation differences may occur when using parallel_case directive("C:\Users\l1506\work\TangNano-9K-example-main\TangNano-9K-example-main\picotiny_main\hw\cpu.v":1737)
WARN  (EX3791) : Expression size 32 truncated to fit in target size 5("C:\Users\l1506\work\TangNano-9K-example-main\TangNano-9K-example-main\picotiny_main\hw\cpu.v":1762)
WARN  (EX3826) : Synthesis - simulation differences may occur when using parallel_case directive("C:\Users\l1506\work\TangNano-9K-example-main\TangNano-9K-example-main\picotiny_main\hw\cpu.v":1768)
WARN  (EX3827) : Synthesis - simulation differences may occur when using full_case directive("C:\Users\l1506\work\TangNano-9K-example-main\TangNano-9K-example-main\picotiny_main\hw\cpu.v":1838)
WARN  (EX3826) : Synthesis - simulation differences may occur when using parallel_case directive("C:\Users\l1506\work\TangNano-9K-example-main\TangNano-9K-example-main\picotiny_main\hw\cpu.v":1838)
WARN  (EX3791) : Expression size 32 truncated to fit in target size 5("C:\Users\l1506\work\TangNano-9K-example-main\TangNano-9K-example-main\picotiny_main\hw\cpu.v":1843)
WARN  (EX3827) : Synthesis - simulation differences may occur when using full_case directive("C:\Users\l1506\work\TangNano-9K-example-main\TangNano-9K-example-main\picotiny_main\hw\cpu.v":1846)
WARN  (EX3826) : Synthesis - simulation differences may occur when using parallel_case directive("C:\Users\l1506\work\TangNano-9K-example-main\TangNano-9K-example-main\picotiny_main\hw\cpu.v":1846)
WARN  (EX3791) : Expression size 32 truncated to fit in target size 5("C:\Users\l1506\work\TangNano-9K-example-main\TangNano-9K-example-main\picotiny_main\hw\cpu.v":1851)
WARN  (EX3827) : Synthesis - simulation differences may occur when using full_case directive("C:\Users\l1506\work\TangNano-9K-example-main\TangNano-9K-example-main\picotiny_main\hw\cpu.v":1861)
WARN  (EX3826) : Synthesis - simulation differences may occur when using parallel_case directive("C:\Users\l1506\work\TangNano-9K-example-main\TangNano-9K-example-main\picotiny_main\hw\cpu.v":1861)
WARN  (EX3827) : Synthesis - simulation differences may occur when using full_case directive("C:\Users\l1506\work\TangNano-9K-example-main\TangNano-9K-example-main\picotiny_main\hw\cpu.v":1886)
WARN  (EX3826) : Synthesis - simulation differences may occur when using parallel_case directive("C:\Users\l1506\work\TangNano-9K-example-main\TangNano-9K-example-main\picotiny_main\hw\cpu.v":1886)
WARN  (EX3827) : Synthesis - simulation differences may occur when using full_case directive("C:\Users\l1506\work\TangNano-9K-example-main\TangNano-9K-example-main\picotiny_main\hw\cpu.v":1903)
WARN  (EX3826) : Synthesis - simulation differences may occur when using parallel_case directive("C:\Users\l1506\work\TangNano-9K-example-main\TangNano-9K-example-main\picotiny_main\hw\cpu.v":1903)
WARN  (EX3827) : Synthesis - simulation differences may occur when using full_case directive("C:\Users\l1506\work\TangNano-9K-example-main\TangNano-9K-example-main\picotiny_main\hw\cpu.v":1487)
Compiling module 'sram'("C:\Users\l1506\work\TangNano-9K-example-main\TangNano-9K-example-main\picotiny_main\hw\memory.v":122)
Compiling module 'sram_2kx8'("C:\Users\l1506\work\TangNano-9K-example-main\TangNano-9K-example-main\picotiny_main\gowin_ip\sram_2kx8\sram_2kx8.v":9)
Compiling module 'mux'("C:\Users\l1506\work\TangNano-9K-example-main\TangNano-9K-example-main\picotiny_main\hw\peripheral.v":191)
Compiling module 'mux(PICOS0_ADDR_BASE=32'h8000_0000,PICOS0_ADDR_MASK=32'h0F00_0000,PICOS1_ADDR_BASE=32'h8100_0000,PICOS1_ADDR_MASK=32'h0F00_0000,PICOS2_ADDR_BASE=32'h8200_0000,PICOS2_ADDR_MASK=32'h0F00_0000,PICOS3_ADDR_BASE=32'h8300_0000,PICOS3_ADDR_MASK=32'h0F00_0000)'("C:\Users\l1506\work\TangNano-9K-example-main\TangNano-9K-example-main\picotiny_main\hw\peripheral.v":191)
Compiling module 'spi_flash'("C:\Users\l1506\work\TangNano-9K-example-main\TangNano-9K-example-main\picotiny_main\hw\peripheral.v":129)
Compiling module 'spi'("C:\Users\l1506\work\TangNano-9K-example-main\TangNano-9K-example-main\picotiny_main\hw\spi.v":20)
Compiling module 'spimemio_xfer'("C:\Users\l1506\work\TangNano-9K-example-main\TangNano-9K-example-main\picotiny_main\hw\spi.v":418)
WARN  (EX3791) : Expression size 8 truncated to fit in target size 4("C:\Users\l1506\work\TangNano-9K-example-main\TangNano-9K-example-main\picotiny_main\hw\spi.v":614)
WARN  (EX3791) : Expression size 25 truncated to fit in target size 24("C:\Users\l1506\work\TangNano-9K-example-main\TangNano-9K-example-main\picotiny_main\hw\spi.v":240)
Compiling module 'bootrom'("C:\Users\l1506\work\TangNano-9K-example-main\TangNano-9K-example-main\picotiny_main\hw\memory.v":32)
Compiling module 'bootram_2kx8_3'("C:\Users\l1506\work\TangNano-9K-example-main\TangNano-9K-example-main\picotiny_main\gowin_ip\bootram_2kx8_3\bootram_2kx8_3.v":9)
Compiling module 'bootram_2kx8_2'("C:\Users\l1506\work\TangNano-9K-example-main\TangNano-9K-example-main\picotiny_main\gowin_ip\bootram_2kx8_2\bootram_2kx8_2.v":9)
Compiling module 'bootram_2kx8_1'("C:\Users\l1506\work\TangNano-9K-example-main\TangNano-9K-example-main\picotiny_main\gowin_ip\bootram_2kx8_1\bootram_2kx8_1.v":9)
Compiling module 'bootram_2kx8_0'("C:\Users\l1506\work\TangNano-9K-example-main\TangNano-9K-example-main\picotiny_main\gowin_ip\bootram_2kx8_0\bootram_2kx8_0.v":9)
Compiling module 'gpio'("C:\Users\l1506\work\TangNano-9K-example-main\TangNano-9K-example-main\picotiny_main\hw\peripheral.v":66)
WARN  (EX3670) : Actual bit length 7 differs from formal bit length 32 for port 'io'("C:\Users\l1506\work\TangNano-9K-example-main\TangNano-9K-example-main\picotiny_main\hw\soc.v":257)
Compiling module 'uart'("C:\Users\l1506\work\TangNano-9K-example-main\TangNano-9K-example-main\picotiny_main\hw\peripheral.v":22)
Compiling module 'simpleuart'("C:\Users\l1506\work\TangNano-9K-example-main\TangNano-9K-example-main\picotiny_main\hw\uart.v":20)
WARN  (EX3791) : Expression size 5 truncated to fit in target size 4("C:\Users\l1506\work\TangNano-9K-example-main\TangNano-9K-example-main\picotiny_main\hw\uart.v":99)
WARN  (EX3791) : Expression size 32 truncated to fit in target size 4("C:\Users\l1506\work\TangNano-9K-example-main\TangNano-9K-example-main\picotiny_main\hw\uart.v":132)
WARN  (EX1998) : Net 'wbp_rdata[31]' does not have a driver("C:\Users\l1506\work\TangNano-9K-example-main\TangNano-9K-example-main\picotiny_main\hw\soc.v":30)
WARN  (EX2565) : Input 'pcpi_wr' on this instance is undriven. Assigning to 0, simulation mismatch possible. Please assign the input or remove the declaration("C:\Users\l1506\work\TangNano-9K-example-main\TangNano-9K-example-main\picotiny_main\hw\soc.v":116)
WARN  (EX2565) : Input 'pcpi_rd[31]' on this instance is undriven. Assigning to 0, simulation mismatch possible. Please assign the input or remove the declaration("C:\Users\l1506\work\TangNano-9K-example-main\TangNano-9K-example-main\picotiny_main\hw\soc.v":116)
WARN  (EX2565) : Input 'pcpi_rd[30]' on this instance is undriven. Assigning to 0, simulation mismatch possible. Please assign the input or remove the declaration("C:\Users\l1506\work\TangNano-9K-example-main\TangNano-9K-example-main\picotiny_main\hw\soc.v":116)
WARN  (EX2565) : Input 'pcpi_rd[29]' on this instance is undriven. Assigning to 0, simulation mismatch possible. Please assign the input or remove the declaration("C:\Users\l1506\work\TangNano-9K-example-main\TangNano-9K-example-main\picotiny_main\hw\soc.v":116)
WARN  (EX2565) : Input 'pcpi_rd[28]' on this instance is undriven. Assigning to 0, simulation mismatch possible. Please assign the input or remove the declaration("C:\Users\l1506\work\TangNano-9K-example-main\TangNano-9K-example-main\picotiny_main\hw\soc.v":116)
WARN  (EX2565) : Input 'pcpi_rd[27]' on this instance is undriven. Assigning to 0, simulation mismatch possible. Please assign the input or remove the declaration("C:\Users\l1506\work\TangNano-9K-example-main\TangNano-9K-example-main\picotiny_main\hw\soc.v":116)
WARN  (EX2565) : Input 'pcpi_rd[26]' on this instance is undriven. Assigning to 0, simulation mismatch possible. Please assign the input or remove the declaration("C:\Users\l1506\work\TangNano-9K-example-main\TangNano-9K-example-main\picotiny_main\hw\soc.v":116)
WARN  (EX2565) : Input 'pcpi_rd[25]' on this instance is undriven. Assigning to 0, simulation mismatch possible. Please assign the input or remove the declaration("C:\Users\l1506\work\TangNano-9K-example-main\TangNano-9K-example-main\picotiny_main\hw\soc.v":116)
WARN  (EX2565) : Input 'pcpi_rd[24]' on this instance is undriven. Assigning to 0, simulation mismatch possible. Please assign the input or remove the declaration("C:\Users\l1506\work\TangNano-9K-example-main\TangNano-9K-example-main\picotiny_main\hw\soc.v":116)
WARN  (EX2565) : Input 'pcpi_rd[23]' on this instance is undriven. Assigning to 0, simulation mismatch possible. Please assign the input or remove the declaration("C:\Users\l1506\work\TangNano-9K-example-main\TangNano-9K-example-main\picotiny_main\hw\soc.v":116)
WARN  (EX2565) : Input 'pcpi_rd[22]' on this instance is undriven. Assigning to 0, simulation mismatch possible. Please assign the input or remove the declaration("C:\Users\l1506\work\TangNano-9K-example-main\TangNano-9K-example-main\picotiny_main\hw\soc.v":116)
WARN  (EX2565) : Input 'pcpi_rd[21]' on this instance is undriven. Assigning to 0, simulation mismatch possible. Please assign the input or remove the declaration("C:\Users\l1506\work\TangNano-9K-example-main\TangNano-9K-example-main\picotiny_main\hw\soc.v":116)
WARN  (EX2565) : Input 'pcpi_rd[20]' on this instance is undriven. Assigning to 0, simulation mismatch possible. Please assign the input or remove the declaration("C:\Users\l1506\work\TangNano-9K-example-main\TangNano-9K-example-main\picotiny_main\hw\soc.v":116)
WARN  (EX2565) : Input 'pcpi_rd[19]' on this instance is undriven. Assigning to 0, simulation mismatch possible. Please assign the input or remove the declaration("C:\Users\l1506\work\TangNano-9K-example-main\TangNano-9K-example-main\picotiny_main\hw\soc.v":116)
WARN  (EX2565) : Input 'pcpi_rd[18]' on this instance is undriven. Assigning to 0, simulation mismatch possible. Please assign the input or remove the declaration("C:\Users\l1506\work\TangNano-9K-example-main\TangNano-9K-example-main\picotiny_main\hw\soc.v":116)
WARN  (EX2565) : Input 'pcpi_rd[17]' on this instance is undriven. Assigning to 0, simulation mismatch possible. Please assign the input or remove the declaration("C:\Users\l1506\work\TangNano-9K-example-main\TangNano-9K-example-main\picotiny_main\hw\soc.v":116)
WARN  (EX2565) : Input 'pcpi_rd[16]' on this instance is undriven. Assigning to 0, simulation mismatch possible. Please assign the input or remove the declaration("C:\Users\l1506\work\TangNano-9K-example-main\TangNano-9K-example-main\picotiny_main\hw\soc.v":116)
WARN  (EX2565) : Input 'pcpi_rd[15]' on this instance is undriven. Assigning to 0, simulation mismatch possible. Please assign the input or remove the declaration("C:\Users\l1506\work\TangNano-9K-example-main\TangNano-9K-example-main\picotiny_main\hw\soc.v":116)
WARN  (EX2565) : Input 'pcpi_rd[14]' on this instance is undriven. Assigning to 0, simulation mismatch possible. Please assign the input or remove the declaration("C:\Users\l1506\work\TangNano-9K-example-main\TangNano-9K-example-main\picotiny_main\hw\soc.v":116)
WARN  (EX2565) : Input 'pcpi_rd[13]' on this instance is undriven. Assigning to 0, simulation mismatch possible. Please assign the input or remove the declaration("C:\Users\l1506\work\TangNano-9K-example-main\TangNano-9K-example-main\picotiny_main\hw\soc.v":116)
WARN  (EX2565) : Input 'pcpi_rd[12]' on this instance is undriven. Assigning to 0, simulation mismatch possible. Please assign the input or remove the declaration("C:\Users\l1506\work\TangNano-9K-example-main\TangNano-9K-example-main\picotiny_main\hw\soc.v":116)
WARN  (EX2565) : Input 'pcpi_rd[11]' on this instance is undriven. Assigning to 0, simulation mismatch possible. Please assign the input or remove the declaration("C:\Users\l1506\work\TangNano-9K-example-main\TangNano-9K-example-main\picotiny_main\hw\soc.v":116)
WARN  (EX2565) : Input 'pcpi_rd[10]' on this instance is undriven. Assigning to 0, simulation mismatch possible. Please assign the input or remove the declaration("C:\Users\l1506\work\TangNano-9K-example-main\TangNano-9K-example-main\picotiny_main\hw\soc.v":116)
WARN  (EX2565) : Input 'pcpi_rd[9]' on this instance is undriven. Assigning to 0, simulation mismatch possible. Please assign the input or remove the declaration("C:\Users\l1506\work\TangNano-9K-example-main\TangNano-9K-example-main\picotiny_main\hw\soc.v":116)
WARN  (EX2565) : Input 'pcpi_rd[8]' on this instance is undriven. Assigning to 0, simulation mismatch possible. Please assign the input or remove the declaration("C:\Users\l1506\work\TangNano-9K-example-main\TangNano-9K-example-main\picotiny_main\hw\soc.v":116)
WARN  (EX2565) : Input 'pcpi_rd[7]' on this instance is undriven. Assigning to 0, simulation mismatch possible. Please assign the input or remove the declaration("C:\Users\l1506\work\TangNano-9K-example-main\TangNano-9K-example-main\picotiny_main\hw\soc.v":116)
WARN  (EX2565) : Input 'pcpi_rd[6]' on this instance is undriven. Assigning to 0, simulation mismatch possible. Please assign the input or remove the declaration("C:\Users\l1506\work\TangNano-9K-example-main\TangNano-9K-example-main\picotiny_main\hw\soc.v":116)
WARN  (EX2565) : Input 'pcpi_rd[5]' on this instance is undriven. Assigning to 0, simulation mismatch possible. Please assign the input or remove the declaration("C:\Users\l1506\work\TangNano-9K-example-main\TangNano-9K-example-main\picotiny_main\hw\soc.v":116)
WARN  (EX2565) : Input 'pcpi_rd[4]' on this instance is undriven. Assigning to 0, simulation mismatch possible. Please assign the input or remove the declaration("C:\Users\l1506\work\TangNano-9K-example-main\TangNano-9K-example-main\picotiny_main\hw\soc.v":116)
WARN  (EX2565) : Input 'pcpi_rd[3]' on this instance is undriven. Assigning to 0, simulation mismatch possible. Please assign the input or remove the declaration("C:\Users\l1506\work\TangNano-9K-example-main\TangNano-9K-example-main\picotiny_main\hw\soc.v":116)
WARN  (EX2565) : Input 'pcpi_rd[2]' on this instance is undriven. Assigning to 0, simulation mismatch possible. Please assign the input or remove the declaration("C:\Users\l1506\work\TangNano-9K-example-main\TangNano-9K-example-main\picotiny_main\hw\soc.v":116)
WARN  (EX2565) : Input 'pcpi_rd[1]' on this instance is undriven. Assigning to 0, simulation mismatch possible. Please assign the input or remove the declaration("C:\Users\l1506\work\TangNano-9K-example-main\TangNano-9K-example-main\picotiny_main\hw\soc.v":116)
WARN  (EX2565) : Input 'pcpi_rd[0]' on this instance is undriven. Assigning to 0, simulation mismatch possible. Please assign the input or remove the declaration("C:\Users\l1506\work\TangNano-9K-example-main\TangNano-9K-example-main\picotiny_main\hw\soc.v":116)
WARN  (EX2565) : Input 'pcpi_wait' on this instance is undriven. Assigning to 0, simulation mismatch possible. Please assign the input or remove the declaration("C:\Users\l1506\work\TangNano-9K-example-main\TangNano-9K-example-main\picotiny_main\hw\soc.v":116)
WARN  (EX2565) : Input 'pcpi_ready' on this instance is undriven. Assigning to 0, simulation mismatch possible. Please assign the input or remove the declaration("C:\Users\l1506\work\TangNano-9K-example-main\TangNano-9K-example-main\picotiny_main\hw\soc.v":116)
NOTE  (EX0101) : Current top module is "soc"
WARN  (EX0211) : The output port "pcpi_insn[31]" of module "picorv32" has no driver, assigning undriven bits to Z, simulation mismatch possible("C:\Users\l1506\work\TangNano-9K-example-main\TangNano-9K-example-main\picotiny_main\hw\cpu.v":111)
WARN  (EX0211) : The output port "pcpi_insn[30]" of module "picorv32" has no driver, assigning undriven bits to Z, simulation mismatch possible("C:\Users\l1506\work\TangNano-9K-example-main\TangNano-9K-example-main\picotiny_main\hw\cpu.v":111)
WARN  (EX0211) : The output port "pcpi_insn[29]" of module "picorv32" has no driver, assigning undriven bits to Z, simulation mismatch possible("C:\Users\l1506\work\TangNano-9K-example-main\TangNano-9K-example-main\picotiny_main\hw\cpu.v":111)
WARN  (EX0211) : The output port "pcpi_insn[28]" of module "picorv32" has no driver, assigning undriven bits to Z, simulation mismatch possible("C:\Users\l1506\work\TangNano-9K-example-main\TangNano-9K-example-main\picotiny_main\hw\cpu.v":111)
WARN  (EX0211) : The output port "pcpi_insn[27]" of module "picorv32" has no driver, assigning undriven bits to Z, simulation mismatch possible("C:\Users\l1506\work\TangNano-9K-example-main\TangNano-9K-example-main\picotiny_main\hw\cpu.v":111)
WARN  (EX0211) : The output port "pcpi_insn[26]" of module "picorv32" has no driver, assigning undriven bits to Z, simulation mismatch possible("C:\Users\l1506\work\TangNano-9K-example-main\TangNano-9K-example-main\picotiny_main\hw\cpu.v":111)
WARN  (EX0211) : The output port "pcpi_insn[25]" of module "picorv32" has no driver, assigning undriven bits to Z, simulation mismatch possible("C:\Users\l1506\work\TangNano-9K-example-main\TangNano-9K-example-main\picotiny_main\hw\cpu.v":111)
WARN  (EX0211) : The output port "pcpi_insn[24]" of module "picorv32" has no driver, assigning undriven bits to Z, simulation mismatch possible("C:\Users\l1506\work\TangNano-9K-example-main\TangNano-9K-example-main\picotiny_main\hw\cpu.v":111)
WARN  (EX0211) : The output port "pcpi_insn[23]" of module "picorv32" has no driver, assigning undriven bits to Z, simulation mismatch possible("C:\Users\l1506\work\TangNano-9K-example-main\TangNano-9K-example-main\picotiny_main\hw\cpu.v":111)
WARN  (EX0211) : The output port "pcpi_insn[22]" of module "picorv32" has no driver, assigning undriven bits to Z, simulation mismatch possible("C:\Users\l1506\work\TangNano-9K-example-main\TangNano-9K-example-main\picotiny_main\hw\cpu.v":111)
WARN  (EX0211) : The output port "pcpi_insn[21]" of module "picorv32" has no driver, assigning undriven bits to Z, simulation mismatch possible("C:\Users\l1506\work\TangNano-9K-example-main\TangNano-9K-example-main\picotiny_main\hw\cpu.v":111)
WARN  (EX0211) : The output port "pcpi_insn[20]" of module "picorv32" has no driver, assigning undriven bits to Z, simulation mismatch possible("C:\Users\l1506\work\TangNano-9K-example-main\TangNano-9K-example-main\picotiny_main\hw\cpu.v":111)
WARN  (EX0211) : The output port "pcpi_insn[19]" of module "picorv32" has no driver, assigning undriven bits to Z, simulation mismatch possible("C:\Users\l1506\work\TangNano-9K-example-main\TangNano-9K-example-main\picotiny_main\hw\cpu.v":111)
WARN  (EX0211) : The output port "pcpi_insn[18]" of module "picorv32" has no driver, assigning undriven bits to Z, simulation mismatch possible("C:\Users\l1506\work\TangNano-9K-example-main\TangNano-9K-example-main\picotiny_main\hw\cpu.v":111)
WARN  (EX0211) : The output port "pcpi_insn[17]" of module "picorv32" has no driver, assigning undriven bits to Z, simulation mismatch possible("C:\Users\l1506\work\TangNano-9K-example-main\TangNano-9K-example-main\picotiny_main\hw\cpu.v":111)
WARN  (EX0211) : The output port "pcpi_insn[16]" of module "picorv32" has no driver, assigning undriven bits to Z, simulation mismatch possible("C:\Users\l1506\work\TangNano-9K-example-main\TangNano-9K-example-main\picotiny_main\hw\cpu.v":111)
WARN  (EX0211) : The output port "pcpi_insn[15]" of module "picorv32" has no driver, assigning undriven bits to Z, simulation mismatch possible("C:\Users\l1506\work\TangNano-9K-example-main\TangNano-9K-example-main\picotiny_main\hw\cpu.v":111)
WARN  (EX0211) : The output port "pcpi_insn[14]" of module "picorv32" has no driver, assigning undriven bits to Z, simulation mismatch possible("C:\Users\l1506\work\TangNano-9K-example-main\TangNano-9K-example-main\picotiny_main\hw\cpu.v":111)
WARN  (EX0211) : The output port "pcpi_insn[13]" of module "picorv32" has no driver, assigning undriven bits to Z, simulation mismatch possible("C:\Users\l1506\work\TangNano-9K-example-main\TangNano-9K-example-main\picotiny_main\hw\cpu.v":111)
WARN  (EX0211) : The output port "pcpi_insn[12]" of module "picorv32" has no driver, assigning undriven bits to Z, simulation mismatch possible("C:\Users\l1506\work\TangNano-9K-example-main\TangNano-9K-example-main\picotiny_main\hw\cpu.v":111)
WARN  (EX0211) : The output port "pcpi_insn[11]" of module "picorv32" has no driver, assigning undriven bits to Z, simulation mismatch possible("C:\Users\l1506\work\TangNano-9K-example-main\TangNano-9K-example-main\picotiny_main\hw\cpu.v":111)
WARN  (EX0211) : The output port "pcpi_insn[10]" of module "picorv32" has no driver, assigning undriven bits to Z, simulation mismatch possible("C:\Users\l1506\work\TangNano-9K-example-main\TangNano-9K-example-main\picotiny_main\hw\cpu.v":111)
WARN  (EX0211) : The output port "pcpi_insn[9]" of module "picorv32" has no driver, assigning undriven bits to Z, simulation mismatch possible("C:\Users\l1506\work\TangNano-9K-example-main\TangNano-9K-example-main\picotiny_main\hw\cpu.v":111)
WARN  (EX0211) : The output port "pcpi_insn[8]" of module "picorv32" has no driver, assigning undriven bits to Z, simulation mismatch possible("C:\Users\l1506\work\TangNano-9K-example-main\TangNano-9K-example-main\picotiny_main\hw\cpu.v":111)
WARN  (EX0211) : The output port "pcpi_insn[7]" of module "picorv32" has no driver, assigning undriven bits to Z, simulation mismatch possible("C:\Users\l1506\work\TangNano-9K-example-main\TangNano-9K-example-main\picotiny_main\hw\cpu.v":111)
WARN  (EX0211) : The output port "pcpi_insn[6]" of module "picorv32" has no driver, assigning undriven bits to Z, simulation mismatch possible("C:\Users\l1506\work\TangNano-9K-example-main\TangNano-9K-example-main\picotiny_main\hw\cpu.v":111)
WARN  (EX0211) : The output port "pcpi_insn[5]" of module "picorv32" has no driver, assigning undriven bits to Z, simulation mismatch possible("C:\Users\l1506\work\TangNano-9K-example-main\TangNano-9K-example-main\picotiny_main\hw\cpu.v":111)
WARN  (EX0211) : The output port "pcpi_insn[4]" of module "picorv32" has no driver, assigning undriven bits to Z, simulation mismatch possible("C:\Users\l1506\work\TangNano-9K-example-main\TangNano-9K-example-main\picotiny_main\hw\cpu.v":111)
WARN  (EX0211) : The output port "pcpi_insn[3]" of module "picorv32" has no driver, assigning undriven bits to Z, simulation mismatch possible("C:\Users\l1506\work\TangNano-9K-example-main\TangNano-9K-example-main\picotiny_main\hw\cpu.v":111)
WARN  (EX0211) : The output port "pcpi_insn[2]" of module "picorv32" has no driver, assigning undriven bits to Z, simulation mismatch possible("C:\Users\l1506\work\TangNano-9K-example-main\TangNano-9K-example-main\picotiny_main\hw\cpu.v":111)
WARN  (EX0211) : The output port "pcpi_insn[1]" of module "picorv32" has no driver, assigning undriven bits to Z, simulation mismatch possible("C:\Users\l1506\work\TangNano-9K-example-main\TangNano-9K-example-main\picotiny_main\hw\cpu.v":111)
WARN  (EX0211) : The output port "pcpi_insn[0]" of module "picorv32" has no driver, assigning undriven bits to Z, simulation mismatch possible("C:\Users\l1506\work\TangNano-9K-example-main\TangNano-9K-example-main\picotiny_main\hw\cpu.v":111)
[5%] Running netlist conversion ...
Running device independent optimization ...
[10%] Optimizing Phase 0 completed
[15%] Optimizing Phase 1 completed
[25%] Optimizing Phase 2 completed
Running inference ...
[30%] Inferring Phase 0 completed
[40%] Inferring Phase 1 completed
[50%] Inferring Phase 2 completed
[55%] Inferring Phase 3 completed
Running technical mapping ...
[60%] Tech-Mapping Phase 0 completed
[65%] Tech-Mapping Phase 1 completed
[75%] Tech-Mapping Phase 2 completed
[80%] Tech-Mapping Phase 3 completed
[90%] Tech-Mapping Phase 4 completed
[95%] Generate netlist file "C:\Users\l1506\work\TangNano-9K-example-main\TangNano-9K-example-main\picotiny_main\project\impl\gwsynthesis\picotiny.vg" completed
[100%] Generate report file "C:\Users\l1506\work\TangNano-9K-example-main\TangNano-9K-example-main\picotiny_main\project\impl\gwsynthesis\picotiny_syn.rpt.html" completed
GowinSynthesis finish
